<?xml version="1.0" encoding="UTF-8"?>
<!-- Generated by org.testng.reporters.JUnitXMLReporter -->
<testsuite hostname="ICPL11485" ignored="0" name="Test1" tests="3" failures="0" timestamp="11 Jan 2018 12:36:17 GMT" time="101.172" errors="0">
  <testcase name="navigate" time="55.973" classname="assigment.assignment2.Test1.FlightSearchTest"/>
  <testcase name="searchForFlights" time="26.016" classname="assigment.assignment2.Test1.FlightSearchTest"/>
  <testcase name="validateResult" time="7.146" classname="assigment.assignment2.Test1.FlightSearchTest"/>
</testsuite> <!-- Test1 -->
