<?xml version="1.0" encoding="UTF-8"?>
<!-- Generated by org.testng.reporters.JUnitXMLReporter -->
<testsuite hostname="ICPL11485" ignored="0" name="Test2" tests="3" failures="0" timestamp="11 Jan 2018 12:35:44 GMT" time="68.059" errors="0">
  <testcase name="navigate" time="26.718" classname="assigment.assignment2.Test1.FlightSearchTest"/>
  <testcase name="searchForFlights" time="18.608" classname="assigment.assignment2.Test1.FlightSearchTest"/>
  <testcase name="validateResult" time="9.216" classname="assigment.assignment2.Test1.FlightSearchTest"/>
</testsuite> <!-- Test2 -->
