<?xml version="1.0" encoding="UTF-8"?>
<!-- Generated by org.testng.reporters.JUnitXMLReporter -->
<testsuite hostname="ICPL11485" ignored="0" name="Default test" tests="3" failures="0" timestamp="11 Jan 2018 06:40:18 GMT" time="34.861" errors="0">
  <testcase name="navigate" time="8.923" classname="assigment.assignment2.Test1.FlightSearchTest"/>
  <testcase name="searchForFlights" time="16.503" classname="assigment.assignment2.Test1.FlightSearchTest"/>
  <testcase name="validateResult" time="5.783" classname="assigment.assignment2.Test1.FlightSearchTest"/>
</testsuite> <!-- Default test -->
