<?xml version="1.0" encoding="UTF-8"?>
<testng-results skipped="0" failed="0" ignored="0" total="6" passed="6">
  <reporter-output>
  </reporter-output>
  <suite name="Suite" duration-ms="101172" started-at="2018-01-11T12:34:36Z" finished-at="2018-01-11T12:36:17Z">
    <groups>
    </groups>
    <test name="Test2" duration-ms="68059" started-at="2018-01-11T12:34:36Z" finished-at="2018-01-11T12:35:44Z">
      <class name="assigment.assignment2.Test1.FlightSearchTest">
        <test-method status="PASS" signature="setUp()[pri:0, instance:assigment.assignment2.Test1.FlightSearchTest@6a41eaa2]" name="setUp" is-config="true" duration-ms="1014" started-at="2018-01-11T18:04:36Z" finished-at="2018-01-11T18:04:37Z">
          <reporter-output>
          </reporter-output>
        </test-method> <!-- setUp -->
        <test-method status="PASS" signature="beforeTest(java.lang.String)[pri:0, instance:assigment.assignment2.Test1.FlightSearchTest@6a41eaa2]" name="beforeTest" is-config="true" duration-ms="11640" started-at="2018-01-11T18:04:37Z" finished-at="2018-01-11T18:04:49Z">
          <params>
            <param index="0">
              <value>
                <![CDATA[chrome]]>
              </value>
            </param>
          </params>
          <reporter-output>
          </reporter-output>
        </test-method> <!-- beforeTest -->
        <test-method status="PASS" signature="navigate()[pri:0, instance:assigment.assignment2.Test1.FlightSearchTest@6a41eaa2]" name="navigate" duration-ms="26718" started-at="2018-01-11T18:04:49Z" finished-at="2018-01-11T18:05:16Z">
          <reporter-output>
          </reporter-output>
        </test-method> <!-- navigate -->
        <test-method status="PASS" signature="searchForFlights()[pri:1, instance:assigment.assignment2.Test1.FlightSearchTest@6a41eaa2]" name="searchForFlights" duration-ms="18608" started-at="2018-01-11T18:05:16Z" finished-at="2018-01-11T18:05:34Z">
          <reporter-output>
          </reporter-output>
        </test-method> <!-- searchForFlights -->
        <test-method status="PASS" signature="validateResult()[pri:2, instance:assigment.assignment2.Test1.FlightSearchTest@6a41eaa2]" name="validateResult" duration-ms="9216" started-at="2018-01-11T18:05:34Z" finished-at="2018-01-11T18:05:43Z">
          <reporter-output>
          </reporter-output>
        </test-method> <!-- validateResult -->
        <test-method status="PASS" signature="closeBrowser()[pri:0, instance:assigment.assignment2.Test1.FlightSearchTest@6a41eaa2]" name="closeBrowser" is-config="true" duration-ms="850" started-at="2018-01-11T18:05:43Z" finished-at="2018-01-11T18:05:44Z">
          <reporter-output>
          </reporter-output>
        </test-method> <!-- closeBrowser -->
      </class> <!-- assigment.assignment2.Test1.FlightSearchTest -->
    </test> <!-- Test2 -->
    <test name="Test1" duration-ms="101172" started-at="2018-01-11T12:34:36Z" finished-at="2018-01-11T12:36:17Z">
      <class name="assigment.assignment2.Test1.FlightSearchTest">
        <test-method status="PASS" signature="setUp()[pri:0, instance:assigment.assignment2.Test1.FlightSearchTest@59fa1d9b]" name="setUp" is-config="true" duration-ms="18" started-at="2018-01-11T18:04:36Z" finished-at="2018-01-11T18:04:36Z">
          <reporter-output>
          </reporter-output>
        </test-method> <!-- setUp -->
        <test-method status="PASS" signature="beforeTest(java.lang.String)[pri:0, instance:assigment.assignment2.Test1.FlightSearchTest@59fa1d9b]" name="beforeTest" is-config="true" duration-ms="10936" started-at="2018-01-11T18:04:36Z" finished-at="2018-01-11T18:04:47Z">
          <params>
            <param index="0">
              <value>
                <![CDATA[ie]]>
              </value>
            </param>
          </params>
          <reporter-output>
          </reporter-output>
        </test-method> <!-- beforeTest -->
        <test-method status="PASS" signature="navigate()[pri:0, instance:assigment.assignment2.Test1.FlightSearchTest@59fa1d9b]" name="navigate" duration-ms="55973" started-at="2018-01-11T18:04:47Z" finished-at="2018-01-11T18:05:43Z">
          <reporter-output>
          </reporter-output>
        </test-method> <!-- navigate -->
        <test-method status="PASS" signature="searchForFlights()[pri:1, instance:assigment.assignment2.Test1.FlightSearchTest@59fa1d9b]" name="searchForFlights" duration-ms="26016" started-at="2018-01-11T18:05:43Z" finished-at="2018-01-11T18:06:09Z">
          <reporter-output>
          </reporter-output>
        </test-method> <!-- searchForFlights -->
        <test-method status="PASS" signature="validateResult()[pri:2, instance:assigment.assignment2.Test1.FlightSearchTest@59fa1d9b]" name="validateResult" duration-ms="7146" started-at="2018-01-11T18:06:09Z" finished-at="2018-01-11T18:06:16Z">
          <reporter-output>
          </reporter-output>
        </test-method> <!-- validateResult -->
        <test-method status="PASS" signature="closeBrowser()[pri:0, instance:assigment.assignment2.Test1.FlightSearchTest@59fa1d9b]" name="closeBrowser" is-config="true" duration-ms="987" started-at="2018-01-11T18:06:16Z" finished-at="2018-01-11T18:06:17Z">
          <reporter-output>
          </reporter-output>
        </test-method> <!-- closeBrowser -->
      </class> <!-- assigment.assignment2.Test1.FlightSearchTest -->
    </test> <!-- Test1 -->
  </suite> <!-- Suite -->
</testng-results>
